--
-- PostgreSQL database dump
--

-- Dumped from database version 13.0
-- Dumped by pg_dump version 13.0

SET statement_timeout = 0;
SET lock_timeout = 0;
SET idle_in_transaction_session_timeout = 0;
SET client_encoding = 'UTF8';
SET standard_conforming_strings = on;
SELECT pg_catalog.set_config('search_path', '', false);
SET check_function_bodies = false;
SET xmloption = content;
SET client_min_messages = warning;
SET row_security = off;

SET default_tablespace = '';

SET default_table_access_method = heap;

--
-- Name: articles; Type: TABLE; Schema: public; Owner: bryanatencia
--

CREATE TABLE public.articles (
    id integer,
    thumbnail character varying,
    header character varying,
    category character varying,
    description character varying,
    heroimage character varying,
    content character varying,
    link character varying,
    page character varying(255),
    date character varying(200)
);


ALTER TABLE public.articles OWNER TO bryanatencia;

--
-- Name: hibernate_sequence; Type: SEQUENCE; Schema: public; Owner: bryanatencia
--

CREATE SEQUENCE public.hibernate_sequence
    START WITH 1
    INCREMENT BY 1
    NO MINVALUE
    NO MAXVALUE
    CACHE 1;


ALTER TABLE public.hibernate_sequence OWNER TO bryanatencia;

--
-- Name: icons; Type: TABLE; Schema: public; Owner: bryanatencia
--

CREATE TABLE public.icons (
    src character varying,
    class character varying,
    id integer,
    page character varying,
    link character varying
);


ALTER TABLE public.icons OWNER TO bryanatencia;

--
-- Name: images; Type: TABLE; Schema: public; Owner: bryanatencia
--

CREATE TABLE public.images (
    src character varying,
    page character varying,
    id integer
);


ALTER TABLE public.images OWNER TO bryanatencia;

--
-- Name: pagedata; Type: TABLE; Schema: public; Owner: bryanatencia
--

CREATE TABLE public.pagedata (
    page character varying,
    description character varying,
    heroimage character varying,
    header character varying,
    id integer
);


ALTER TABLE public.pagedata OWNER TO bryanatencia;

--
-- Name: users; Type: TABLE; Schema: public; Owner: bryanatencia
--

CREATE TABLE public.users (
    password character varying,
    username character varying(255),
    id integer
);


ALTER TABLE public.users OWNER TO bryanatencia;

--
-- Data for Name: articles; Type: TABLE DATA; Schema: public; Owner: bryanatencia
--

COPY public.articles (id, thumbnail, header, category, description, heroimage, content, link, page, date) FROM stdin;
5	https://www.phillymag.com/wp-content/uploads/sites/3/2020/03/mexican-quinoa-casserole-main-2.jpg	12 Healthy Recipes for 2020	Cooking, Living	massss descriptions	\N	Lorem ipsum dolor sit amet consectetur adipisicing elit. Ratione dolor nemo consectetur possimus vero libero quo dignissimos qui sint odit.	https://chicagoagentmagazine.com/2020/05/22/hispanic-homeownership-reached-historic-highs-before-covid-19-what-now/	portfolio	10-31-19
\.


--
-- Data for Name: icons; Type: TABLE DATA; Schema: public; Owner: bryanatencia
--

COPY public.icons (src, class, id, page, link) FROM stdin;
mdi-facebook	iconColors	4	portfolio	https://www.google.com
mdi-instagram	iconColors	5	portfolio	https://www.google.com
mdi-linkedin	iconColors	6	portfolio	https://www.google.com
mdi-mail	iconColors	7	portfolio	https://www.google.com
mdi-mail	iconColor	3	home	https://www.google.com
mdi-facebook	iconColor	0	home	https://www.facebook.com
mdi-instagram	iconColor	2	home	https://www.instagram.com
mdi-linkedin	iconColor	1	home	https://www.linkedin.com
\.


--
-- Data for Name: images; Type: TABLE DATA; Schema: public; Owner: bryanatencia
--

COPY public.images (src, page, id) FROM stdin;
https://images.squarespace-cdn.com/content/v1/53a2b3a1e4b0a5020bebe676/1405692357118-YUTZ1L8S84R6FUUKXTPT/ke17ZwdGBToddI8pDm48kA0wePVlgOGM5yNNrADThjYUqsxRUqqbr1mOJYKfIPR7LoDQ9mXPOjoJoqy81S2I8N_N4V1vUb5AoIIIbLZhVYxCRW4BPu10St3TBAUQYVKc3f5rMIUspMOT17T3MGHdS3s1KwpjdUupKJDR9JNb8i8O932tY93Uq43o4DcCmt6U/black-and-white-street-photography	about	0
https://i.pinimg.com/originals/3c/39/1c/3c391cb2f528a8c19c239ffe32c761e0.jpg	about	2
https://img4.goodfon.com/wallpaper/nbig/7/44/luca-foscili-nicole-simpatichnaia-devushka-shatenka-poziruet.jpg	about	3
https://www.kirkportraitdesigns.com/wp-content/uploads/2012/06/LT-0104.jpg	about	1
\.


--
-- Data for Name: pagedata; Type: TABLE DATA; Schema: public; Owner: bryanatencia
--

COPY public.pagedata (page, description, heroimage, header, id) FROM stdin;
contact	\N	\N	Lets Talk	3
about	Lorem ipsum dolor sit amet, consectetur adipisicing elit, sed do eiusmod tempor incididunt ut labore et dolore magna aliqua. Ut enim ad minim veniam, quis nostrud exercitation ullamco laboris nisi ut aliquip ex ea commodo consequat. Duis aute irure dolor in reprehenderit in voluptate velit esse cillum dolore eu fugiat nulla pariatur. Excepteur sint occaecat cupidatat non proident, sunt in culpa qui officia deserunt mollit anim id est laborum.Lorem ipsum dolor sit amet,         consectetur adipisicing elit, sed do eiusmod tempor incididunt ut labore et dolore magna aliqua. Ut enim ad minim veniam, quis nostrud exercitation ullamco laboris nisi ut aliquip ex ea commodo consequat. Duis aute irure dolor in reprehenderit in voluptate velit esse cillum dolore eu fugiat nulla pariatur. Excepteur sint occaecat cupidatat non proident, sunt in culpa qui officia deserunt mollit anim id est laborum. Lorem ipsum dolor sit amet, consectetur adipisicing elit, sed do eiusmod tempor incididunt ut labore et dolore magna aliqua. Ut enim ad minim veniam, quis nostrud exercitation ullamco laboris nisi ut aliquip ex ea commodo consequat. Duis aute irure dolor in reprehenderit in voluptate velit esse cillum dolore eu fugiat nulla pariatur. Excepteur sint occaecat cupidatat non proident, sunt in culpa qui officia deserunt mollit anim id est laborum.	https://i.pinimg.com/originals/c7/35/33/c735332adc5340082464f0605404275d.jpg	About Me	2
portfolio	Life is to be lived, not controlled; and humanity is won by continuing to play in face of certain defeat.	https://pkimgcdn.peekyou.com/0f91777bce73cf296b28e66095fde798.jpeg	Juliana Atencia	1
home	American novelist, literary critic, and scholar best known for his novel Invisible Man, which won the National Book Award in 1953. He also wrote Shadow and Act, a collection of political, social and critical essays, and Going to the Territory	https://image.freepik.com/free-photo/hipster-travel-blogger-writer-accessories-flatlay-with-hand-writing_39408-1272.jpg	Julie Atencia	0
\.


--
-- Data for Name: users; Type: TABLE DATA; Schema: public; Owner: bryanatencia
--

COPY public.users (password, username, id) FROM stdin;
97100109105110	julie_atencia	26
\.


--
-- Name: hibernate_sequence; Type: SEQUENCE SET; Schema: public; Owner: bryanatencia
--

SELECT pg_catalog.setval('public.hibernate_sequence', 26, true);


--
-- PostgreSQL database dump complete
--

